<?xml version="1.0" encoding="UTF-8"?>
<!-- Generated by org.testng.reporters.JUnitReportReporter -->
<testsuite hostname="DESKTOP-3TPI68P" failures="0" tests="2" name="tests.LoginTest" time="11.016" errors="0" timestamp="2025-04-27T13:57:00 IST" skipped="0">
  <testcase classname="tests.LoginTest" name="testInvalidLogin" time="3.125"/>
  <system-out/>
  <testcase classname="tests.LoginTest" name="testValidLogin" time="7.891"/>
  <system-out/>
</testsuite> <!-- tests.LoginTest -->
