<?xml version="1.0" encoding="UTF-8"?>
<!-- Generated by org.testng.reporters.JUnitReportReporter -->
<testsuite hostname="DESKTOP-3TPI68P" failures="0" tests="3" name="tests.LoginTest" time="14.553" errors="0" timestamp="2025-04-28T12:26:58 IST" skipped="0">
  <testcase classname="tests.LoginTest" name="testValidLogin" time="2.917"/>
  <system-out/>
  <testcase classname="tests.LoginTest" name="testValidHomePage" time="9.175"/>
  <system-out/>
  <testcase classname="tests.LoginTest" name="testInvalidLogin" time="2.461"/>
  <system-out/>
</testsuite> <!-- tests.LoginTest -->
